Detecting compiler hash for triplet arm64-osx...
Compiler found: /usr/bin/c++
The following packages will be built and installed:
  * egl-registry:arm64-osx@2024-01-25
    glew:arm64-osx@2.2.0#6
  * opengl:arm64-osx@2022-12-04#3
  * opengl-registry:arm64-osx@2024-02-10#1
  * vcpkg-cmake:arm64-osx@2024-04-23
  * vcpkg-cmake-config:arm64-osx@2024-05-23
Additional packages (*) will be modified to complete this operation.
Restored 6 package(s) from /Users/cherubim/.cache/vcpkg/archives in 36 ms. Use --debug to see more details.
Installing 1/6 vcpkg-cmake-config:arm64-osx@2024-05-23...
Elapsed time to handle vcpkg-cmake-config:arm64-osx: 1.75 ms
vcpkg-cmake-config:arm64-osx package ABI: 04e4dcdc010d62c418e249e35b604777da627a30bb0ebb268e8d89142013b02e
Installing 2/6 vcpkg-cmake:arm64-osx@2024-04-23...
Elapsed time to handle vcpkg-cmake:arm64-osx: 1.87 ms
vcpkg-cmake:arm64-osx package ABI: f5281e420b54107616bf1b193aaad2d849015bcf5e7c69df49b1bd74f521ce3d
Installing 3/6 egl-registry:arm64-osx@2024-01-25...
Elapsed time to handle egl-registry:arm64-osx: 2.31 ms
egl-registry:arm64-osx package ABI: 2eeac14969d07c334d17efa3cd7ac799a7f839d79922f3229e4f2c03a3bf8ab5
Installing 4/6 opengl-registry:arm64-osx@2024-02-10#1...
Elapsed time to handle opengl-registry:arm64-osx: 7.72 ms
opengl-registry:arm64-osx package ABI: 9d7ef5f9d81153c907f073dad54dc05706bff8035c4ab8acf9379a55de721b87
Installing 5/6 opengl:arm64-osx@2022-12-04#3...
Elapsed time to handle opengl:arm64-osx: 1.05 ms
opengl:arm64-osx package ABI: d802210a32cac74c5b0018090e85c5ec3d3a792e80f201c6ac6a95a03475fb64
Installing 6/6 glew:arm64-osx@2.2.0#6...
Elapsed time to handle glew:arm64-osx: 4.27 ms
glew:arm64-osx package ABI: 26663e5cf5b820c5c2d673c7a16d027b80b753a7166790fecdc3f88adb5ffac8
Installed contents are licensed to you by owners. Microsoft is not responsible for, nor does it grant any licenses to, third-party packages.
Some packages did not declare an SPDX license. Check the `copyright` file for each package for more information about their licensing.
Packages installed in this vcpkg installation declare the following licenses:
MIT
The package glew is compatible with built-in CMake targets:

    find_package(GLEW REQUIRED)
    target_link_libraries(main PRIVATE GLEW::GLEW)

All requested installations completed successfully in: 19.7 ms
